File 'testme.c'
Lines executed:97.30% of 37
Creating 'testme.c.gcov'

        -:    0:Source:testme.c
        -:    0:Graph:testme.gcno
        -:    0:Data:testme.gcda
        -:    0:Runs:1
        -:    0:Programs:1
        -:    1:#include<stdio.h>
        -:    2:#include<string.h>
        -:    3:#include<stdlib.h>
        -:    4:#include<time.h>
        -:    5:
  2934932:    6:char inputChar()
        -:    7:{
        -:    8:    // TODO: rewrite this function
        -:    9:    //generate a random character
        -:   10:    /*original try, took way too long to run
        -:   11:    char c;
        -:   12:    c=(char)rand()%127;//covers standard ascii range http://www.asciitable.com/
        -:   13:    return c;
        -:   14:    */
        -:   15:    
        -:   16:    char c;
  2934932:   17:    c= (char)(rand() % (126 - 32 + 1)) + 32;
  2934932:   18:    return c;
        -:   19:    
        -:   20:}
        -:   21:
  2934932:   22:char *inputString()
        -:   23:{
        -:   24:    // TODO: rewrite this function
        -:   25:    int x;
        -:   26:    char randomString[6];
        -:   27:    
 17609592:   28:    for (x=0; x< 5; x++)
        -:   29:    {
        -:   30:        //orinigal try took took long
        -:   31:        //char c =(char)rand()%127;
        -:   32:        
 14674660:   33:       char c=(char) (rand() % (116 - 101 + 1)) + 101;
 14674660:   34:        randomString[x]=c;
        -:   35:    }
        -:   36:    
        -:   37:    //add the string end
  2934932:   38:    randomString[5]='\0';
        -:   39:    
  2934932:   40:    char *returnString=randomString;
        -:   41:    
  2934932:   42:   return returnString;
        -:   43:}
        -:   44:
        1:   45:void testme()
        -:   46:{
        1:   47:  int tcCount = 0;
        -:   48:  char *s;
        -:   49:  char c;
        1:   50:  int state = 0;
        -:   51:  while (1)
        -:   52:  {
  2934932:   53:    tcCount++;
  2934932:   54:    c = inputChar();
  2934932:   55:    s = inputString();
  2934932:   56:    printf("Iteration %d: c = %c, s = %s, state = %d\n", tcCount, c, s, state);
        -:   57:
  2934932:   58:    if (c == '[' && state == 0) state = 1;
  2934932:   59:    if (c == '(' && state == 1) state = 2;
  2934932:   60:    if (c == '{' && state == 2) state = 3;
  2934932:   61:    if (c == ' '&& state == 3) state = 4;
  2934932:   62:    if (c == 'a' && state == 4) state = 5;
  2934932:   63:    if (c == 'x' && state == 5) state = 6;
  2934932:   64:    if (c == '}' && state == 6) state = 7;
  2934932:   65:    if (c == ')' && state == 7) state = 8;
  2934932:   66:    if (c == ']' && state == 8) state = 9;
  2934932:   67:    if (s[0] == 'r' && s[1] == 'e'
    11515:   68:       && s[2] == 's' && s[3] == 'e'
       48:   69:       && s[4] == 't' && s[5] == '\0'
        1:   70:       && state == 9)
        -:   71:    {
        1:   72:      printf("error ");
        1:   73:      exit(200);
        -:   74:    }
  2934931:   75:  }
        -:   76:}
        -:   77:
        -:   78:
        1:   79:int main(int argc, char *argv[])
        -:   80:{
        1:   81:    srand(time(NULL));
        1:   82:    testme();
    #####:   83:    return 0;
        -:   84:}
